<?xml version="1.0" encoding="UTF-8"?>
<coverage generated="1738875523963" clover="3.2.0">
  <project timestamp="1738875523964" name="All files">
    <metrics statements="227" coveredstatements="176" conditionals="90" coveredconditionals="50" methods="71" coveredmethods="58" elements="388" coveredelements="284" complexity="0" loc="227" ncloc="227" packages="9" files="18" classes="18"/>
    <package name="assets">
      <metrics statements="3" coveredstatements="3" conditionals="0" coveredconditionals="0" methods="0" coveredmethods="0"/>
      <file name="moon34.png" path="C:\Users\hrbrt\Desktop\Projetos\pokedex-api\src\assets\moon34.png">
        <metrics statements="1" coveredstatements="1" conditionals="0" coveredconditionals="0" methods="0" coveredmethods="0"/>
        <line num="1" count="2" type="stmt"/>
      </file>
      <file name="pokebola34.png" path="C:\Users\hrbrt\Desktop\Projetos\pokedex-api\src\assets\pokebola34.png">
        <metrics statements="1" coveredstatements="1" conditionals="0" coveredconditionals="0" methods="0" coveredmethods="0"/>
        <line num="1" count="2" type="stmt"/>
      </file>
      <file name="sun34.png" path="C:\Users\hrbrt\Desktop\Projetos\pokedex-api\src\assets\sun34.png">
        <metrics statements="1" coveredstatements="1" conditionals="0" coveredconditionals="0" methods="0" coveredmethods="0"/>
        <line num="1" count="2" type="stmt"/>
      </file>
    </package>
    <package name="components.button">
      <metrics statements="2" coveredstatements="2" conditionals="0" coveredconditionals="0" methods="1" coveredmethods="1"/>
      <file name="button.jsx" path="C:\Users\hrbrt\Desktop\Projetos\pokedex-api\src\components\button\button.jsx">
        <metrics statements="2" coveredstatements="2" conditionals="0" coveredconditionals="0" methods="1" coveredmethods="1"/>
        <line num="1" count="6" type="stmt"/>
        <line num="2" count="2" type="stmt"/>
      </file>
    </package>
    <package name="components.error-or-loading">
      <metrics statements="5" coveredstatements="5" conditionals="0" coveredconditionals="0" methods="1" coveredmethods="1"/>
      <file name="error-or-loading-handling.jsx" path="C:\Users\hrbrt\Desktop\Projetos\pokedex-api\src\components\error-or-loading\error-or-loading-handling.jsx">
        <metrics statements="3" coveredstatements="3" conditionals="0" coveredconditionals="0" methods="1" coveredmethods="1"/>
        <line num="6" count="2" type="stmt"/>
        <line num="8" count="4" type="stmt"/>
        <line num="10" count="4" type="stmt"/>
      </file>
      <file name="styles.js" path="C:\Users\hrbrt\Desktop\Projetos\pokedex-api\src\components\error-or-loading\styles.js">
        <metrics statements="2" coveredstatements="2" conditionals="0" coveredconditionals="0" methods="0" coveredmethods="0"/>
        <line num="5" count="2" type="stmt"/>
        <line num="8" count="2" type="stmt"/>
      </file>
    </package>
    <package name="components.header">
      <metrics statements="12" coveredstatements="12" conditionals="4" coveredconditionals="2" methods="4" coveredmethods="4"/>
      <file name="header-of-components.jsx" path="C:\Users\hrbrt\Desktop\Projetos\pokedex-api\src\components\header\header-of-components.jsx">
        <metrics statements="5" coveredstatements="5" conditionals="2" coveredconditionals="1" methods="3" coveredmethods="3"/>
        <line num="6" count="2" type="stmt"/>
        <line num="7" count="5" type="stmt"/>
        <line num="9" count="5" type="stmt"/>
        <line num="12" count="1" type="stmt"/>
        <line num="22" count="1" type="cond" truecount="1" falsecount="1"/>
      </file>
      <file name="styles.js" path="C:\Users\hrbrt\Desktop\Projetos\pokedex-api\src\components\header\styles.js">
        <metrics statements="7" coveredstatements="7" conditionals="2" coveredconditionals="1" methods="1" coveredmethods="1"/>
        <line num="6" count="2" type="stmt"/>
        <line num="14" count="2" type="stmt"/>
        <line num="22" count="2" type="stmt"/>
        <line num="29" count="2" type="stmt"/>
        <line num="34" count="2" type="stmt"/>
        <line num="42" count="2" type="stmt"/>
        <line num="44" count="5" type="cond" truecount="1" falsecount="1"/>
      </file>
    </package>
    <package name="components.list-pokemons">
      <metrics statements="143" coveredstatements="117" conditionals="68" coveredconditionals="40" methods="52" coveredmethods="43"/>
      <file name="description-project.jsx" path="C:\Users\hrbrt\Desktop\Projetos\pokedex-api\src\components\list-pokemons\description-project.jsx">
        <metrics statements="21" coveredstatements="20" conditionals="6" coveredconditionals="6" methods="8" coveredmethods="7"/>
        <line num="9" count="2" type="stmt"/>
        <line num="11" count="15" type="stmt"/>
        <line num="12" count="15" type="stmt"/>
        <line num="13" count="15" type="stmt"/>
        <line num="15" count="15" type="stmt"/>
        <line num="16" count="1" type="stmt"/>
        <line num="17" count="1" type="stmt"/>
        <line num="18" count="1" type="stmt"/>
        <line num="21" count="15" type="stmt"/>
        <line num="23" count="9" type="stmt"/>
        <line num="24" count="9" type="cond" truecount="2" falsecount="0"/>
        <line num="25" count="4" type="stmt"/>
        <line num="26" count="4" type="stmt"/>
        <line num="28" count="4" type="stmt"/>
        <line num="31" count="0" type="stmt"/>
        <line num="37" count="15" type="stmt"/>
        <line num="39" count="12" type="stmt"/>
        <line num="43" count="15" type="stmt"/>
        <line num="57" count="4" type="stmt"/>
        <line num="62" count="1" type="stmt"/>
        <line num="64" count="3" type="stmt"/>
      </file>
      <file name="filter-pokemons.jsx" path="C:\Users\hrbrt\Desktop\Projetos\pokedex-api\src\components\list-pokemons\filter-pokemons.jsx">
        <metrics statements="5" coveredstatements="5" conditionals="2" coveredconditionals="1" methods="2" coveredmethods="2"/>
        <line num="7" count="3" type="stmt"/>
        <line num="9" count="3" type="stmt"/>
        <line num="11" count="3" type="stmt"/>
        <line num="12" count="3" type="stmt"/>
        <line num="16" count="6" type="stmt"/>
      </file>
      <file name="indroductin-pokemons.jsx" path="C:\Users\hrbrt\Desktop\Projetos\pokedex-api\src\components\list-pokemons\indroductin-pokemons.jsx">
        <metrics statements="4" coveredstatements="4" conditionals="2" coveredconditionals="1" methods="2" coveredmethods="2"/>
        <line num="6" count="2" type="stmt"/>
        <line num="9" count="5" type="stmt"/>
        <line num="11" count="5" type="stmt"/>
        <line num="15" count="10" type="stmt"/>
      </file>
      <file name="list-pokemons.jsx" path="C:\Users\hrbrt\Desktop\Projetos\pokedex-api\src\components\list-pokemons\list-pokemons.jsx">
        <metrics statements="84" coveredstatements="59" conditionals="28" coveredconditionals="17" methods="25" coveredmethods="17"/>
        <line num="13" count="1" type="stmt"/>
        <line num="14" count="4" type="stmt"/>
        <line num="15" count="4" type="stmt"/>
        <line num="16" count="4" type="stmt"/>
        <line num="17" count="4" type="stmt"/>
        <line num="18" count="4" type="stmt"/>
        <line num="19" count="4" type="stmt"/>
        <line num="20" count="4" type="stmt"/>
        <line num="21" count="4" type="stmt"/>
        <line num="24" count="4" type="stmt"/>
        <line num="25" count="2" type="stmt"/>
        <line num="26" count="2" type="stmt"/>
        <line num="27" count="2" type="cond" truecount="4" falsecount="0"/>
        <line num="28" count="1" type="stmt"/>
        <line num="29" count="1" type="stmt"/>
        <line num="32" count="2" type="stmt"/>
        <line num="33" count="0" type="stmt"/>
        <line num="36" count="2" type="stmt"/>
        <line num="38" count="2" type="stmt"/>
        <line num="39" count="2" type="stmt"/>
        <line num="43" count="4" type="stmt"/>
        <line num="44" count="1" type="stmt"/>
        <line num="45" count="1" type="stmt"/>
        <line num="47" count="1" type="cond" truecount="1" falsecount="1"/>
        <line num="48" count="0" type="stmt"/>
        <line num="49" count="0" type="stmt"/>
        <line num="50" count="0" type="stmt"/>
        <line num="53" count="0" type="stmt"/>
        <line num="57" count="1" type="cond" truecount="1" falsecount="1"/>
        <line num="58" count="0" type="stmt"/>
        <line num="59" count="0" type="stmt"/>
        <line num="60" count="0" type="stmt"/>
        <line num="63" count="0" type="stmt"/>
        <line num="72" count="4" type="stmt"/>
        <line num="73" count="1" type="stmt"/>
        <line num="74" count="1" type="stmt"/>
        <line num="75" count="1" type="stmt"/>
        <line num="76" count="1" type="stmt"/>
        <line num="77" count="1" type="stmt"/>
        <line num="78" count="2" type="stmt"/>
        <line num="85" count="1" type="stmt"/>
        <line num="86" count="1" type="stmt"/>
        <line num="87" count="1" type="stmt"/>
        <line num="89" count="2" type="stmt"/>
        <line num="90" count="3" type="stmt"/>
        <line num="93" count="1" type="stmt"/>
        <line num="95" count="1" type="stmt"/>
        <line num="97" count="0" type="stmt"/>
        <line num="99" count="1" type="stmt"/>
        <line num="103" count="1" type="stmt"/>
        <line num="107" count="4" type="stmt"/>
        <line num="108" count="2" type="cond" truecount="4" falsecount="0"/>
        <line num="110" count="1" type="stmt"/>
        <line num="112" count="1" type="stmt"/>
        <line num="113" count="1" type="stmt"/>
        <line num="114" count="2" type="cond" truecount="1" falsecount="1"/>
        <line num="115" count="2" type="stmt"/>
        <line num="118" count="1" type="stmt"/>
        <line num="119" count="1" type="stmt"/>
        <line num="120" count="3" type="stmt"/>
        <line num="123" count="1" type="stmt"/>
        <line num="127" count="4" type="stmt"/>
        <line num="128" count="1" type="cond" truecount="1" falsecount="1"/>
        <line num="129" count="0" type="stmt"/>
        <line num="133" count="4" type="stmt"/>
        <line num="134" count="0" type="stmt"/>
        <line num="135" count="0" type="cond" truecount="0" falsecount="2"/>
        <line num="136" count="0" type="stmt"/>
        <line num="138" count="0" type="stmt"/>
        <line num="139" count="0" type="stmt"/>
        <line num="144" count="4" type="cond" truecount="2" falsecount="0"/>
        <line num="145" count="2" type="stmt"/>
        <line num="148" count="2" type="cond" truecount="1" falsecount="1"/>
        <line num="149" count="0" type="stmt"/>
        <line num="152" count="2" type="stmt"/>
        <line num="154" count="0" type="cond" truecount="0" falsecount="2"/>
        <line num="155" count="0" type="stmt"/>
        <line num="156" count="0" type="stmt"/>
        <line num="157" count="0" type="stmt"/>
        <line num="161" count="0" type="stmt"/>
        <line num="162" count="0" type="stmt"/>
        <line num="165" count="0" type="stmt"/>
        <line num="166" count="0" type="stmt"/>
        <line num="173" count="2" type="stmt"/>
      </file>
      <file name="styles.js" path="C:\Users\hrbrt\Desktop\Projetos\pokedex-api\src\components\list-pokemons\styles.js">
        <metrics statements="29" coveredstatements="29" conditionals="30" coveredconditionals="15" methods="15" coveredmethods="15"/>
        <line num="4" count="4" type="stmt"/>
        <line num="10" count="4" type="stmt"/>
        <line num="14" count="4" type="stmt"/>
        <line num="25" count="4" type="stmt"/>
        <line num="27" count="15" type="cond" truecount="1" falsecount="1"/>
        <line num="40" count="4" type="stmt"/>
        <line num="51" count="4" type="stmt"/>
        <line num="57" count="4" type="stmt"/>
        <line num="59" count="15" type="cond" truecount="1" falsecount="1"/>
        <line num="62" count="15" type="cond" truecount="1" falsecount="1"/>
        <line num="65" count="15" type="cond" truecount="1" falsecount="1"/>
        <line num="81" count="4" type="stmt"/>
        <line num="87" count="2" type="cond" truecount="1" falsecount="1"/>
        <line num="90" count="2" type="cond" truecount="1" falsecount="1"/>
        <line num="102" count="2" type="cond" truecount="1" falsecount="1"/>
        <line num="108" count="2" type="cond" truecount="1" falsecount="1"/>
        <line num="114" count="4" type="stmt"/>
        <line num="119" count="5" type="cond" truecount="1" falsecount="1"/>
        <line num="124" count="5" type="cond" truecount="1" falsecount="1"/>
        <line num="127" count="5" type="cond" truecount="1" falsecount="1"/>
        <line num="133" count="4" type="stmt"/>
        <line num="142" count="4" type="stmt"/>
        <line num="146" count="16" type="cond" truecount="1" falsecount="1"/>
        <line num="159" count="4" type="stmt"/>
        <line num="166" count="4" type="stmt"/>
        <line num="168" count="16" type="cond" truecount="1" falsecount="1"/>
        <line num="174" count="16" type="cond" truecount="1" falsecount="1"/>
        <line num="178" count="16" type="cond" truecount="1" falsecount="1"/>
        <line num="186" count="4" type="stmt"/>
      </file>
    </package>
    <package name="contexts">
      <metrics statements="12" coveredstatements="11" conditionals="2" coveredconditionals="2" methods="3" coveredmethods="3"/>
      <file name="theme-context.jsx" path="C:\Users\hrbrt\Desktop\Projetos\pokedex-api\src\contexts\theme-context.jsx">
        <metrics statements="12" coveredstatements="11" conditionals="2" coveredconditionals="2" methods="3" coveredmethods="3"/>
        <line num="4" count="7" type="stmt"/>
        <line num="6" count="7" type="stmt"/>
        <line num="8" count="13" type="stmt"/>
        <line num="11" count="13" type="stmt"/>
        <line num="12" count="13" type="stmt"/>
        <line num="13" count="13" type="cond" truecount="2" falsecount="0"/>
        <line num="14" count="1" type="stmt"/>
        <line num="16" count="1" type="stmt"/>
        <line num="19" count="0" type="stmt"/>
        <line num="24" count="13" type="stmt"/>
        <line num="26" count="13" type="stmt"/>
        <line num="30" count="13" type="stmt"/>
      </file>
    </package>
    <package name="mocks">
      <metrics statements="21" coveredstatements="11" conditionals="14" coveredconditionals="5" methods="3" coveredmethods="2"/>
      <file name="handlers.js" path="C:\Users\hrbrt\Desktop\Projetos\pokedex-api\src\mocks\handlers.js">
        <metrics statements="20" coveredstatements="10" conditionals="14" coveredconditionals="5" methods="3" coveredmethods="2"/>
        <line num="3" count="7" type="stmt"/>
        <line num="5" count="7" type="stmt"/>
        <line num="8" count="1" type="stmt"/>
        <line num="9" count="1" type="cond" truecount="1" falsecount="1"/>
        <line num="10" count="0" type="stmt"/>
        <line num="21" count="1" type="stmt"/>
        <line num="32" count="2" type="cond" truecount="1" falsecount="1"/>
        <line num="33" count="0" type="cond" truecount="0" falsecount="2"/>
        <line num="34" count="0" type="stmt"/>
        <line num="47" count="0" type="cond" truecount="0" falsecount="2"/>
        <line num="48" count="0" type="stmt"/>
        <line num="61" count="0" type="cond" truecount="0" falsecount="2"/>
        <line num="62" count="0" type="stmt"/>
        <line num="76" count="2" type="cond" truecount="2" falsecount="0"/>
        <line num="77" count="1" type="stmt"/>
        <line num="90" count="1" type="cond" truecount="1" falsecount="1"/>
        <line num="91" count="1" type="stmt"/>
        <line num="104" count="0" type="stmt"/>
        <line num="106" count="0" type="stmt"/>
        <line num="122" count="0" type="stmt"/>
      </file>
      <file name="server.js" path="C:\Users\hrbrt\Desktop\Projetos\pokedex-api\src\mocks\server.js">
        <metrics statements="1" coveredstatements="1" conditionals="0" coveredconditionals="0" methods="0" coveredmethods="0"/>
        <line num="4" count="7" type="stmt"/>
      </file>
    </package>
    <package name="services">
      <metrics statements="22" coveredstatements="8" conditionals="0" coveredconditionals="0" methods="6" coveredmethods="3"/>
      <file name="services.js" path="C:\Users\hrbrt\Desktop\Projetos\pokedex-api\src\services\services.js">
        <metrics statements="22" coveredstatements="8" conditionals="0" coveredconditionals="0" methods="6" coveredmethods="3"/>
        <line num="4" count="1" type="stmt"/>
        <line num="5" count="1" type="stmt"/>
        <line num="6" count="1" type="stmt"/>
        <line num="10" count="0" type="stmt"/>
        <line num="15" count="1" type="stmt"/>
        <line num="16" count="1" type="stmt"/>
        <line num="17" count="2" type="stmt"/>
        <line num="18" count="2" type="stmt"/>
        <line num="21" count="1" type="stmt"/>
        <line num="24" count="0" type="stmt"/>
        <line num="30" count="0" type="stmt"/>
        <line num="31" count="0" type="stmt"/>
        <line num="32" count="0" type="stmt"/>
        <line num="34" count="0" type="stmt"/>
        <line num="41" count="0" type="stmt"/>
        <line num="43" count="0" type="stmt"/>
        <line num="44" count="0" type="stmt"/>
        <line num="45" count="0" type="stmt"/>
        <line num="46" count="0" type="stmt"/>
        <line num="48" count="0" type="stmt"/>
        <line num="50" count="0" type="stmt"/>
        <line num="53" count="0" type="stmt"/>
      </file>
    </package>
    <package name="style">
      <metrics statements="7" coveredstatements="7" conditionals="2" coveredconditionals="1" methods="1" coveredmethods="1"/>
      <file name="reusablestyles.js" path="C:\Users\hrbrt\Desktop\Projetos\pokedex-api\src\style\reusablestyles.js">
        <metrics statements="7" coveredstatements="7" conditionals="2" coveredconditionals="1" methods="1" coveredmethods="1"/>
        <line num="5" count="6" type="stmt"/>
        <line num="11" count="6" type="stmt"/>
        <line num="17" count="6" type="stmt"/>
        <line num="19" count="6" type="cond" truecount="1" falsecount="1"/>
        <line num="24" count="6" type="stmt"/>
        <line num="34" count="6" type="stmt"/>
        <line num="45" count="6" type="stmt"/>
      </file>
    </package>
  </project>
</coverage>
