{"C:\\Users\\hrbrt\\Desktop\\Projetos\\pokedex-api\\src\\assets\\moon34.png": {"path":"C:\\Users\\hrbrt\\Desktop\\Projetos\\pokedex-api\\src\\assets\\moon34.png","statementMap":{"0":{"start":{"line":1,"column":0},"end":{"line":1,"column":19}}},"fnMap":{},"branchMap":{},"s":{"0":2},"f":{},"b":{},"_coverageSchema":"1a1c01bbd47fc00a2c39e90264f33305004495a9","hash":"a71058a83e776b6e7714f20d747c09da7e8c730b"}
,"C:\\Users\\hrbrt\\Desktop\\Projetos\\pokedex-api\\src\\assets\\pokebola34.png": {"path":"C:\\Users\\hrbrt\\Desktop\\Projetos\\pokedex-api\\src\\assets\\pokebola34.png","statementMap":{"0":{"start":{"line":1,"column":0},"end":{"line":1,"column":19}}},"fnMap":{},"branchMap":{},"s":{"0":2},"f":{},"b":{},"_coverageSchema":"1a1c01bbd47fc00a2c39e90264f33305004495a9","hash":"14fe20b84aff4656ed6630eb96c6589ce5b44192"}
,"C:\\Users\\hrbrt\\Desktop\\Projetos\\pokedex-api\\src\\assets\\sun34.png": {"path":"C:\\Users\\hrbrt\\Desktop\\Projetos\\pokedex-api\\src\\assets\\sun34.png","statementMap":{"0":{"start":{"line":1,"column":0},"end":{"line":1,"column":19}}},"fnMap":{},"branchMap":{},"s":{"0":2},"f":{},"b":{},"_coverageSchema":"1a1c01bbd47fc00a2c39e90264f33305004495a9","hash":"c1a49ecf276658c0105f8d237609a16bc59e0fd3"}
,"C:\\Users\\hrbrt\\Desktop\\Projetos\\pokedex-api\\src\\components\\button\\button.jsx": {"path":"C:\\Users\\hrbrt\\Desktop\\Projetos\\pokedex-api\\src\\components\\button\\button.jsx","statementMap":{"0":{"start":{"line":1,"column":22},"end":{"line":6,"column":1}},"1":{"start":{"line":2,"column":4},"end":{"line":4,"column":5}}},"fnMap":{"0":{"name":"(anonymous_0)","decl":{"start":{"line":1,"column":22},"end":{"line":1,"column":23}},"loc":{"start":{"line":1,"column":33},"end":{"line":6,"column":1}},"line":1}},"branchMap":{},"s":{"0":6,"1":9},"f":{"0":9},"b":{},"_coverageSchema":"1a1c01bbd47fc00a2c39e90264f33305004495a9","hash":"5d96b4e39d11e4ef5ede599a4e2f2c454f3f5e12"}
,"C:\\Users\\hrbrt\\Desktop\\Projetos\\pokedex-api\\src\\components\\error-or-loading\\error-or-loading-handling.jsx": {"path":"C:\\Users\\hrbrt\\Desktop\\Projetos\\pokedex-api\\src\\components\\error-or-loading\\error-or-loading-handling.jsx","statementMap":{"0":{"start":{"line":6,"column":38},"end":{"line":21,"column":1}},"1":{"start":{"line":8,"column":27},"end":{"line":8,"column":51}},"2":{"start":{"line":10,"column":4},"end":{"line":19,"column":5}}},"fnMap":{"0":{"name":"(anonymous_0)","decl":{"start":{"line":6,"column":38},"end":{"line":6,"column":39}},"loc":{"start":{"line":6,"column":54},"end":{"line":21,"column":1}},"line":6}},"branchMap":{},"s":{"0":2,"1":17,"2":17},"f":{"0":17},"b":{},"_coverageSchema":"1a1c01bbd47fc00a2c39e90264f33305004495a9","hash":"e042448f5bd6cc6b107812a5100256b7bfdd8c8a"}
,"C:\\Users\\hrbrt\\Desktop\\Projetos\\pokedex-api\\src\\components\\error-or-loading\\styles.js": {"path":"C:\\Users\\hrbrt\\Desktop\\Projetos\\pokedex-api\\src\\components\\error-or-loading\\styles.js","statementMap":{"0":{"start":{"line":5,"column":30},"end":{"line":7,"column":1}},"1":{"start":{"line":8,"column":27},"end":{"line":10,"column":1}}},"fnMap":{},"branchMap":{},"s":{"0":2,"1":2},"f":{},"b":{},"_coverageSchema":"1a1c01bbd47fc00a2c39e90264f33305004495a9","hash":"7cc7a2db0bed60cad9add0185c85d6b94dfd8a76"}
,"C:\\Users\\hrbrt\\Desktop\\Projetos\\pokedex-api\\src\\components\\header\\header-of-components.jsx": {"path":"C:\\Users\\hrbrt\\Desktop\\Projetos\\pokedex-api\\src\\components\\header\\header-of-components.jsx","statementMap":{"0":{"start":{"line":6,"column":34},"end":{"line":28,"column":1}},"1":{"start":{"line":7,"column":44},"end":{"line":7,"column":68}},"2":{"start":{"line":9,"column":4},"end":{"line":27,"column":5}},"3":{"start":{"line":12,"column":71},"end":{"line":12,"column":94}},"4":{"start":{"line":22,"column":40},"end":{"line":22,"column":100}}},"fnMap":{"0":{"name":"(anonymous_0)","decl":{"start":{"line":6,"column":34},"end":{"line":6,"column":35}},"loc":{"start":{"line":6,"column":40},"end":{"line":28,"column":1}},"line":6},"1":{"name":"(anonymous_1)","decl":{"start":{"line":12,"column":64},"end":{"line":12,"column":65}},"loc":{"start":{"line":12,"column":70},"end":{"line":12,"column":95}},"line":12},"2":{"name":"(anonymous_2)","decl":{"start":{"line":22,"column":33},"end":{"line":22,"column":34}},"loc":{"start":{"line":22,"column":39},"end":{"line":22,"column":101}},"line":22}},"branchMap":{"0":{"loc":{"start":{"line":22,"column":56},"end":{"line":22,"column":98}},"type":"cond-expr","locations":[{"start":{"line":22,"column":82},"end":{"line":22,"column":89}},{"start":{"line":22,"column":92},"end":{"line":22,"column":98}}],"line":22}},"s":{"0":2,"1":13,"2":13,"3":1,"4":1},"f":{"0":13,"1":1,"2":1},"b":{"0":[0,1]},"_coverageSchema":"1a1c01bbd47fc00a2c39e90264f33305004495a9","hash":"b8e5be17fd971125ffb3864162cf7915f96db390"}
,"C:\\Users\\hrbrt\\Desktop\\Projetos\\pokedex-api\\src\\components\\header\\styles.js": {"path":"C:\\Users\\hrbrt\\Desktop\\Projetos\\pokedex-api\\src\\components\\header\\styles.js","statementMap":{"0":{"start":{"line":6,"column":34},"end":{"line":13,"column":1}},"1":{"start":{"line":14,"column":31},"end":{"line":20,"column":1}},"2":{"start":{"line":22,"column":20},"end":{"line":27,"column":1}},"3":{"start":{"line":29,"column":25},"end":{"line":32,"column":1}},"4":{"start":{"line":34,"column":29},"end":{"line":40,"column":1}},"5":{"start":{"line":42,"column":31},"end":{"line":51,"column":1}},"6":{"start":{"line":44,"column":8},"end":{"line":44,"column":48}}},"fnMap":{"0":{"name":"(anonymous_0)","decl":{"start":{"line":43,"column":22},"end":{"line":43,"column":23}},"loc":{"start":{"line":43,"column":35},"end":{"line":45,"column":5}},"line":43}},"branchMap":{"0":{"loc":{"start":{"line":44,"column":15},"end":{"line":44,"column":48}},"type":"cond-expr","locations":[{"start":{"line":44,"column":34},"end":{"line":44,"column":40}},{"start":{"line":44,"column":43},"end":{"line":44,"column":48}}],"line":44}},"s":{"0":2,"1":2,"2":2,"3":2,"4":2,"5":2,"6":13},"f":{"0":13},"b":{"0":[0,13]},"_coverageSchema":"1a1c01bbd47fc00a2c39e90264f33305004495a9","hash":"643c0561e5f7136cc2f459d4e61ddd21366cb02b"}
,"C:\\Users\\hrbrt\\Desktop\\Projetos\\pokedex-api\\src\\components\\list-pokemons\\description-project.jsx": {"path":"C:\\Users\\hrbrt\\Desktop\\Projetos\\pokedex-api\\src\\components\\list-pokemons\\description-project.jsx","statementMap":{"0":{"start":{"line":9,"column":34},"end":{"line":76,"column":1}},"1":{"start":{"line":11,"column":27},"end":{"line":11,"column":51}},"2":{"start":{"line":12,"column":30},"end":{"line":12,"column":42}},"3":{"start":{"line":13,"column":44},"end":{"line":13,"column":59}},"4":{"start":{"line":15,"column":23},"end":{"line":19,"column":3}},"5":{"start":{"line":16,"column":4},"end":{"line":16,"column":29}},"6":{"start":{"line":17,"column":4},"end":{"line":17,"column":21}},"7":{"start":{"line":18,"column":4},"end":{"line":18,"column":27}},"8":{"start":{"line":21,"column":2},"end":{"line":35,"column":9}},"9":{"start":{"line":23,"column":24},"end":{"line":23,"column":64}},"10":{"start":{"line":24,"column":4},"end":{"line":33,"column":5}},"11":{"start":{"line":25,"column":6},"end":{"line":32,"column":7}},"12":{"start":{"line":26,"column":8},"end":{"line":26,"column":32}},"13":{"start":{"line":28,"column":8},"end":{"line":28,"column":30}},"14":{"start":{"line":31,"column":8},"end":{"line":31,"column":92}},"15":{"start":{"line":37,"column":2},"end":{"line":41,"column":14}},"16":{"start":{"line":39,"column":4},"end":{"line":39,"column":52}},"17":{"start":{"line":43,"column":2},"end":{"line":74,"column":3}},"18":{"start":{"line":57,"column":41},"end":{"line":57,"column":73}},"19":{"start":{"line":62,"column":43},"end":{"line":62,"column":64}},"20":{"start":{"line":64,"column":16},"end":{"line":66,"column":31}},"21":{"start":{"line":64,"column":57},"end":{"line":64,"column":75}}},"fnMap":{"0":{"name":"(anonymous_0)","decl":{"start":{"line":9,"column":34},"end":{"line":9,"column":35}},"loc":{"start":{"line":9,"column":76},"end":{"line":76,"column":1}},"line":9},"1":{"name":"(anonymous_1)","decl":{"start":{"line":15,"column":23},"end":{"line":15,"column":24}},"loc":{"start":{"line":15,"column":34},"end":{"line":19,"column":3}},"line":15},"2":{"name":"(anonymous_2)","decl":{"start":{"line":21,"column":12},"end":{"line":21,"column":13}},"loc":{"start":{"line":21,"column":18},"end":{"line":35,"column":3}},"line":21},"3":{"name":"(anonymous_3)","decl":{"start":{"line":37,"column":12},"end":{"line":37,"column":13}},"loc":{"start":{"line":37,"column":18},"end":{"line":41,"column":3}},"line":37},"4":{"name":"(anonymous_4)","decl":{"start":{"line":57,"column":35},"end":{"line":57,"column":36}},"loc":{"start":{"line":57,"column":41},"end":{"line":57,"column":73}},"line":57},"5":{"name":"(anonymous_5)","decl":{"start":{"line":62,"column":37},"end":{"line":62,"column":38}},"loc":{"start":{"line":62,"column":43},"end":{"line":62,"column":64}},"line":62},"6":{"name":"(anonymous_6)","decl":{"start":{"line":63,"column":33},"end":{"line":63,"column":34}},"loc":{"start":{"line":64,"column":16},"end":{"line":66,"column":31}},"line":64},"7":{"name":"(anonymous_7)","decl":{"start":{"line":64,"column":51},"end":{"line":64,"column":52}},"loc":{"start":{"line":64,"column":57},"end":{"line":64,"column":75}},"line":64}},"branchMap":{"0":{"loc":{"start":{"line":24,"column":4},"end":{"line":33,"column":5}},"type":"if","locations":[{"start":{"line":24,"column":4},"end":{"line":33,"column":5}},{"start":{},"end":{}}],"line":24},"1":{"loc":{"start":{"line":58,"column":13},"end":{"line":58,"column":30}},"type":"binary-expr","locations":[{"start":{"line":58,"column":13},"end":{"line":58,"column":19}},{"start":{"line":58,"column":23},"end":{"line":58,"column":30}}],"line":58},"2":{"loc":{"start":{"line":59,"column":11},"end":{"line":69,"column":11}},"type":"binary-expr","locations":[{"start":{"line":59,"column":11},"end":{"line":59,"column":25}},{"start":{"line":61,"column":12},"end":{"line":68,"column":27}}],"line":59}},"s":{"0":2,"1":24,"2":24,"3":24,"4":24,"5":2,"6":2,"7":2,"8":24,"9":11,"10":11,"11":4,"12":4,"13":4,"14":0,"15":24,"16":15,"17":24,"18":6,"19":1,"20":9,"21":1},"f":{"0":24,"1":2,"2":11,"3":15,"4":6,"5":1,"6":9,"7":1},"b":{"0":[4,7],"1":[24,19],"2":[24,4]},"_coverageSchema":"1a1c01bbd47fc00a2c39e90264f33305004495a9","hash":"5493239fbcc4c98be0f2cf5ec308d5abcabc899a"}
,"C:\\Users\\hrbrt\\Desktop\\Projetos\\pokedex-api\\src\\components\\list-pokemons\\filter-pokemons.jsx": {"path":"C:\\Users\\hrbrt\\Desktop\\Projetos\\pokedex-api\\src\\components\\list-pokemons\\filter-pokemons.jsx","statementMap":{"0":{"start":{"line":7,"column":30},"end":{"line":30,"column":1}},"1":{"start":{"line":9,"column":27},"end":{"line":9,"column":51}},"2":{"start":{"line":11,"column":0},"end":{"line":28,"column":1}},"3":{"start":{"line":14,"column":8},"end":{"line":25,"column":21}}},"fnMap":{"0":{"name":"(anonymous_0)","decl":{"start":{"line":7,"column":30},"end":{"line":7,"column":31}},"loc":{"start":{"line":7,"column":54},"end":{"line":30,"column":1}},"line":7},"1":{"name":"(anonymous_1)","decl":{"start":{"line":13,"column":26},"end":{"line":13,"column":27}},"loc":{"start":{"line":14,"column":8},"end":{"line":25,"column":21}},"line":14}},"branchMap":{"0":{"loc":{"start":{"line":16,"column":17},"end":{"line":20,"column":17}},"type":"cond-expr","locations":[{"start":{"line":17,"column":20},"end":{"line":17,"column":75}},{"start":{"line":19,"column":20},"end":{"line":19,"column":32}}],"line":16}},"s":{"0":3,"1":4,"2":4,"3":7},"f":{"0":4,"1":7},"b":{"0":[7,0]},"_coverageSchema":"1a1c01bbd47fc00a2c39e90264f33305004495a9","hash":"7de953aa0e44cf0b80050b07c93836e892eeb36b"}
,"C:\\Users\\hrbrt\\Desktop\\Projetos\\pokedex-api\\src\\components\\list-pokemons\\indroductin-pokemons.jsx": {"path":"C:\\Users\\hrbrt\\Desktop\\Projetos\\pokedex-api\\src\\components\\list-pokemons\\indroductin-pokemons.jsx","statementMap":{"0":{"start":{"line":6,"column":35},"end":{"line":32,"column":1}},"1":{"start":{"line":9,"column":27},"end":{"line":9,"column":51}},"2":{"start":{"line":11,"column":4},"end":{"line":31,"column":6}},"3":{"start":{"line":15,"column":16},"end":{"line":26,"column":29}}},"fnMap":{"0":{"name":"(anonymous_0)","decl":{"start":{"line":6,"column":35},"end":{"line":6,"column":36}},"loc":{"start":{"line":6,"column":49},"end":{"line":32,"column":1}},"line":6},"1":{"name":"(anonymous_1)","decl":{"start":{"line":14,"column":22},"end":{"line":14,"column":23}},"loc":{"start":{"line":15,"column":16},"end":{"line":26,"column":29}},"line":15}},"branchMap":{"0":{"loc":{"start":{"line":17,"column":25},"end":{"line":21,"column":25}},"type":"cond-expr","locations":[{"start":{"line":18,"column":28},"end":{"line":18,"column":83}},{"start":{"line":20,"column":28},"end":{"line":20,"column":40}}],"line":17}},"s":{"0":2,"1":12,"2":12,"3":28},"f":{"0":12,"1":28},"b":{"0":[28,0]},"_coverageSchema":"1a1c01bbd47fc00a2c39e90264f33305004495a9","hash":"4299ff7e9f37fd07ec8efb03961eb87e1b6936da"}
,"C:\\Users\\hrbrt\\Desktop\\Projetos\\pokedex-api\\src\\components\\list-pokemons\\list-pokemons.jsx": {"path":"C:\\Users\\hrbrt\\Desktop\\Projetos\\pokedex-api\\src\\components\\list-pokemons\\list-pokemons.jsx","statementMap":{"0":{"start":{"line":13,"column":21},"end":{"line":222,"column":1}},"1":{"start":{"line":14,"column":32},"end":{"line":14,"column":58}},"2":{"start":{"line":15,"column":32},"end":{"line":15,"column":43}},"3":{"start":{"line":16,"column":49},"end":{"line":16,"column":60}},"4":{"start":{"line":17,"column":32},"end":{"line":17,"column":46}},"5":{"start":{"line":18,"column":28},"end":{"line":18,"column":42}},"6":{"start":{"line":19,"column":44},"end":{"line":19,"column":56}},"7":{"start":{"line":20,"column":50},"end":{"line":20,"column":62}},"8":{"start":{"line":21,"column":25},"end":{"line":21,"column":49}},"9":{"start":{"line":24,"column":2},"end":{"line":39,"column":16}},"10":{"start":{"line":25,"column":32},"end":{"line":25,"column":72}},"11":{"start":{"line":26,"column":4},"end":{"line":28,"column":5}},"12":{"start":{"line":27,"column":6},"end":{"line":27,"column":60}},"13":{"start":{"line":30,"column":25},"end":{"line":32,"column":5}},"14":{"start":{"line":31,"column":6},"end":{"line":31,"column":63}},"15":{"start":{"line":34,"column":4},"end":{"line":34,"column":52}},"16":{"start":{"line":36,"column":4},"end":{"line":38,"column":6}},"17":{"start":{"line":37,"column":6},"end":{"line":37,"column":57}},"18":{"start":{"line":41,"column":2},"end":{"line":67,"column":9}},"19":{"start":{"line":42,"column":25},"end":{"line":42,"column":58}},"20":{"start":{"line":43,"column":32},"end":{"line":43,"column":72}},"21":{"start":{"line":45,"column":4},"end":{"line":53,"column":5}},"22":{"start":{"line":46,"column":6},"end":{"line":52,"column":7}},"23":{"start":{"line":47,"column":30},"end":{"line":47,"column":54}},"24":{"start":{"line":48,"column":8},"end":{"line":48,"column":34}},"25":{"start":{"line":51,"column":8},"end":{"line":51,"column":90}},"26":{"start":{"line":55,"column":4},"end":{"line":63,"column":5}},"27":{"start":{"line":56,"column":6},"end":{"line":62,"column":7}},"28":{"start":{"line":57,"column":36},"end":{"line":57,"column":67}},"29":{"start":{"line":58,"column":8},"end":{"line":58,"column":48}},"30":{"start":{"line":61,"column":8},"end":{"line":61,"column":100}},"31":{"start":{"line":70,"column":2},"end":{"line":102,"column":18}},"32":{"start":{"line":71,"column":22},"end":{"line":99,"column":7}},"33":{"start":{"line":72,"column":6},"end":{"line":98,"column":9}},"34":{"start":{"line":73,"column":30},"end":{"line":73,"column":62}},"35":{"start":{"line":74,"column":32},"end":{"line":74,"column":79}},"36":{"start":{"line":75,"column":32},"end":{"line":81,"column":10}},"37":{"start":{"line":76,"column":10},"end":{"line":80,"column":12}},"38":{"start":{"line":83,"column":8},"end":{"line":92,"column":13}},"39":{"start":{"line":84,"column":30},"end":{"line":84,"column":75}},"40":{"start":{"line":85,"column":33},"end":{"line":90,"column":13}},"41":{"start":{"line":87,"column":14},"end":{"line":89,"column":25}},"42":{"start":{"line":88,"column":29},"end":{"line":88,"column":56}},"43":{"start":{"line":91,"column":12},"end":{"line":91,"column":48}},"44":{"start":{"line":93,"column":10},"end":{"line":93,"column":50}},"45":{"start":{"line":95,"column":10},"end":{"line":95,"column":67}},"46":{"start":{"line":97,"column":10},"end":{"line":97,"column":28}},"47":{"start":{"line":101,"column":6},"end":{"line":101,"column":18}},"48":{"start":{"line":105,"column":4},"end":{"line":123,"column":18}},"49":{"start":{"line":106,"column":6},"end":{"line":106,"column":69}},"50":{"start":{"line":106,"column":62},"end":{"line":106,"column":69}},"51":{"start":{"line":108,"column":6},"end":{"line":108,"column":65}},"52":{"start":{"line":110,"column":6},"end":{"line":122,"column":9}},"53":{"start":{"line":111,"column":29},"end":{"line":114,"column":10}},"54":{"start":{"line":112,"column":24},"end":{"line":112,"column":73}},"55":{"start":{"line":112,"column":50},"end":{"line":112,"column":66}},"56":{"start":{"line":113,"column":10},"end":{"line":113,"column":23}},"57":{"start":{"line":116,"column":34},"end":{"line":116,"column":53}},"58":{"start":{"line":117,"column":33},"end":{"line":119,"column":9}},"59":{"start":{"line":118,"column":28},"end":{"line":118,"column":91}},"60":{"start":{"line":118,"column":66},"end":{"line":118,"column":80}},"61":{"start":{"line":121,"column":8},"end":{"line":121,"column":37}},"62":{"start":{"line":148,"column":4},"end":{"line":152,"column":26}},"63":{"start":{"line":149,"column":6},"end":{"line":151,"column":7}},"64":{"start":{"line":150,"column":8},"end":{"line":150,"column":83}},"65":{"start":{"line":154,"column":23},"end":{"line":163,"column":3}},"66":{"start":{"line":155,"column":4},"end":{"line":162,"column":7}},"67":{"start":{"line":156,"column":6},"end":{"line":161,"column":7}},"68":{"start":{"line":157,"column":8},"end":{"line":157,"column":31}},"69":{"start":{"line":159,"column":8},"end":{"line":159,"column":50}},"70":{"start":{"line":160,"column":8},"end":{"line":160,"column":31}},"71":{"start":{"line":165,"column":2},"end":{"line":167,"column":3}},"72":{"start":{"line":166,"column":4},"end":{"line":166,"column":74}},"73":{"start":{"line":169,"column":2},"end":{"line":171,"column":3}},"74":{"start":{"line":170,"column":4},"end":{"line":170,"column":68}},"75":{"start":{"line":173,"column":29},"end":{"line":191,"column":3}},"76":{"start":{"line":175,"column":6},"end":{"line":190,"column":7}},"77":{"start":{"line":176,"column":8},"end":{"line":176,"column":51}},"78":{"start":{"line":177,"column":8},"end":{"line":179,"column":8}},"79":{"start":{"line":178,"column":10},"end":{"line":178,"column":32}},"80":{"start":{"line":182,"column":31},"end":{"line":184,"column":8}},"81":{"start":{"line":183,"column":8},"end":{"line":183,"column":73}},"82":{"start":{"line":183,"column":44},"end":{"line":183,"column":72}},"83":{"start":{"line":186,"column":6},"end":{"line":188,"column":8}},"84":{"start":{"line":187,"column":10},"end":{"line":187,"column":49}},"85":{"start":{"line":194,"column":2},"end":{"line":221,"column":4}}},"fnMap":{"0":{"name":"(anonymous_0)","decl":{"start":{"line":13,"column":21},"end":{"line":13,"column":22}},"loc":{"start":{"line":13,"column":27},"end":{"line":222,"column":1}},"line":13},"1":{"name":"(anonymous_1)","decl":{"start":{"line":24,"column":12},"end":{"line":24,"column":13}},"loc":{"start":{"line":24,"column":18},"end":{"line":39,"column":3}},"line":24},"2":{"name":"(anonymous_2)","decl":{"start":{"line":30,"column":25},"end":{"line":30,"column":26}},"loc":{"start":{"line":30,"column":31},"end":{"line":32,"column":5}},"line":30},"3":{"name":"(anonymous_3)","decl":{"start":{"line":36,"column":11},"end":{"line":36,"column":12}},"loc":{"start":{"line":36,"column":17},"end":{"line":38,"column":5}},"line":36},"4":{"name":"(anonymous_4)","decl":{"start":{"line":41,"column":12},"end":{"line":41,"column":13}},"loc":{"start":{"line":41,"column":18},"end":{"line":67,"column":3}},"line":41},"5":{"name":"(anonymous_5)","decl":{"start":{"line":70,"column":12},"end":{"line":70,"column":13}},"loc":{"start":{"line":70,"column":18},"end":{"line":102,"column":5}},"line":70},"6":{"name":"(anonymous_6)","decl":{"start":{"line":71,"column":22},"end":{"line":71,"column":23}},"loc":{"start":{"line":71,"column":34},"end":{"line":99,"column":7}},"line":71},"7":{"name":"(anonymous_7)","decl":{"start":{"line":75,"column":52},"end":{"line":75,"column":53}},"loc":{"start":{"line":75,"column":62},"end":{"line":81,"column":9}},"line":75},"8":{"name":"(anonymous_8)","decl":{"start":{"line":83,"column":19},"end":{"line":83,"column":20}},"loc":{"start":{"line":83,"column":36},"end":{"line":92,"column":11}},"line":83},"9":{"name":"(anonymous_9)","decl":{"start":{"line":86,"column":12},"end":{"line":86,"column":13}},"loc":{"start":{"line":87,"column":14},"end":{"line":89,"column":25}},"line":87},"10":{"name":"(anonymous_10)","decl":{"start":{"line":88,"column":16},"end":{"line":88,"column":17}},"loc":{"start":{"line":88,"column":29},"end":{"line":88,"column":56}},"line":88},"11":{"name":"(anonymous_11)","decl":{"start":{"line":105,"column":14},"end":{"line":105,"column":15}},"loc":{"start":{"line":105,"column":20},"end":{"line":123,"column":5}},"line":105},"12":{"name":"(anonymous_12)","decl":{"start":{"line":110,"column":23},"end":{"line":110,"column":24}},"loc":{"start":{"line":110,"column":29},"end":{"line":122,"column":7}},"line":110},"13":{"name":"(anonymous_13)","decl":{"start":{"line":111,"column":50},"end":{"line":111,"column":51}},"loc":{"start":{"line":111,"column":60},"end":{"line":114,"column":9}},"line":111},"14":{"name":"(anonymous_14)","decl":{"start":{"line":112,"column":39},"end":{"line":112,"column":40}},"loc":{"start":{"line":112,"column":50},"end":{"line":112,"column":66}},"line":112},"15":{"name":"(anonymous_15)","decl":{"start":{"line":118,"column":10},"end":{"line":118,"column":11}},"loc":{"start":{"line":118,"column":28},"end":{"line":118,"column":91}},"line":118},"16":{"name":"(anonymous_16)","decl":{"start":{"line":118,"column":56},"end":{"line":118,"column":57}},"loc":{"start":{"line":118,"column":66},"end":{"line":118,"column":80}},"line":118},"17":{"name":"(anonymous_17)","decl":{"start":{"line":148,"column":14},"end":{"line":148,"column":15}},"loc":{"start":{"line":148,"column":20},"end":{"line":152,"column":5}},"line":148},"18":{"name":"(anonymous_18)","decl":{"start":{"line":154,"column":23},"end":{"line":154,"column":24}},"loc":{"start":{"line":154,"column":29},"end":{"line":163,"column":3}},"line":154},"19":{"name":"(anonymous_19)","decl":{"start":{"line":155,"column":15},"end":{"line":155,"column":16}},"loc":{"start":{"line":155,"column":31},"end":{"line":162,"column":5}},"line":155},"20":{"name":"(anonymous_20)","decl":{"start":{"line":173,"column":29},"end":{"line":173,"column":30}},"loc":{"start":{"line":173,"column":40},"end":{"line":191,"column":3}},"line":173},"21":{"name":"(anonymous_21)","decl":{"start":{"line":177,"column":28},"end":{"line":177,"column":29}},"loc":{"start":{"line":177,"column":44},"end":{"line":179,"column":7}},"line":177},"22":{"name":"(anonymous_22)","decl":{"start":{"line":182,"column":55},"end":{"line":182,"column":56}},"loc":{"start":{"line":182,"column":64},"end":{"line":184,"column":7}},"line":182},"23":{"name":"(anonymous_23)","decl":{"start":{"line":183,"column":31},"end":{"line":183,"column":32}},"loc":{"start":{"line":183,"column":44},"end":{"line":183,"column":72}},"line":183},"24":{"name":"(anonymous_24)","decl":{"start":{"line":186,"column":26},"end":{"line":186,"column":27}},"loc":{"start":{"line":186,"column":42},"end":{"line":188,"column":7}},"line":186}},"branchMap":{"0":{"loc":{"start":{"line":26,"column":4},"end":{"line":28,"column":5}},"type":"if","locations":[{"start":{"line":26,"column":4},"end":{"line":28,"column":5}},{"start":{},"end":{}}],"line":26},"1":{"loc":{"start":{"line":26,"column":8},"end":{"line":26,"column":39}},"type":"binary-expr","locations":[{"start":{"line":26,"column":8},"end":{"line":26,"column":27}},{"start":{"line":26,"column":31},"end":{"line":26,"column":39}}],"line":26},"2":{"loc":{"start":{"line":45,"column":4},"end":{"line":53,"column":5}},"type":"if","locations":[{"start":{"line":45,"column":4},"end":{"line":53,"column":5}},{"start":{},"end":{}}],"line":45},"3":{"loc":{"start":{"line":55,"column":4},"end":{"line":63,"column":5}},"type":"if","locations":[{"start":{"line":55,"column":4},"end":{"line":63,"column":5}},{"start":{},"end":{}}],"line":55},"4":{"loc":{"start":{"line":106,"column":6},"end":{"line":106,"column":69}},"type":"if","locations":[{"start":{"line":106,"column":6},"end":{"line":106,"column":69}},{"start":{},"end":{}}],"line":106},"5":{"loc":{"start":{"line":106,"column":10},"end":{"line":106,"column":60}},"type":"binary-expr","locations":[{"start":{"line":106,"column":10},"end":{"line":106,"column":27}},{"start":{"line":106,"column":31},"end":{"line":106,"column":60}}],"line":106},"6":{"loc":{"start":{"line":112,"column":24},"end":{"line":112,"column":73}},"type":"binary-expr","locations":[{"start":{"line":112,"column":24},"end":{"line":112,"column":67}},{"start":{"line":112,"column":71},"end":{"line":112,"column":73}}],"line":112},"7":{"loc":{"start":{"line":149,"column":6},"end":{"line":151,"column":7}},"type":"if","locations":[{"start":{"line":149,"column":6},"end":{"line":151,"column":7}},{"start":{},"end":{}}],"line":149},"8":{"loc":{"start":{"line":156,"column":6},"end":{"line":161,"column":7}},"type":"if","locations":[{"start":{"line":156,"column":6},"end":{"line":161,"column":7}},{"start":{"line":158,"column":13},"end":{"line":161,"column":7}}],"line":156},"9":{"loc":{"start":{"line":165,"column":2},"end":{"line":167,"column":3}},"type":"if","locations":[{"start":{"line":165,"column":2},"end":{"line":167,"column":3}},{"start":{},"end":{}}],"line":165},"10":{"loc":{"start":{"line":169,"column":2},"end":{"line":171,"column":3}},"type":"if","locations":[{"start":{"line":169,"column":2},"end":{"line":171,"column":3}},{"start":{},"end":{}}],"line":169},"11":{"loc":{"start":{"line":175,"column":6},"end":{"line":190,"column":7}},"type":"if","locations":[{"start":{"line":175,"column":6},"end":{"line":190,"column":7}},{"start":{"line":180,"column":13},"end":{"line":190,"column":7}}],"line":175},"12":{"loc":{"start":{"line":204,"column":7},"end":{"line":218,"column":7}},"type":"cond-expr","locations":[{"start":{"line":206,"column":8},"end":{"line":206,"column":62}},{"start":{"line":210,"column":8},"end":{"line":217,"column":11}}],"line":204},"13":{"loc":{"start":{"line":214,"column":11},"end":{"line":214,"column":67}},"type":"cond-expr","locations":[{"start":{"line":214,"column":40},"end":{"line":214,"column":54}},{"start":{"line":214,"column":57},"end":{"line":214,"column":67}}],"line":214}},"s":{"0":1,"1":25,"2":25,"3":25,"4":25,"5":25,"6":25,"7":25,"8":25,"9":25,"10":10,"11":10,"12":0,"13":10,"14":0,"15":10,"16":10,"17":10,"18":25,"19":7,"20":7,"21":7,"22":6,"23":6,"24":6,"25":0,"26":7,"27":4,"28":4,"29":4,"30":0,"31":25,"32":8,"33":8,"34":8,"35":4,"36":4,"37":10,"38":4,"39":4,"40":4,"41":17,"42":32,"43":4,"44":4,"45":0,"46":4,"47":8,"48":25,"49":15,"50":6,"51":9,"52":9,"53":8,"54":21,"55":21,"56":21,"57":8,"58":8,"59":21,"60":39,"61":8,"62":25,"63":10,"64":3,"65":25,"66":1,"67":1,"68":0,"69":1,"70":1,"71":25,"72":15,"73":10,"74":0,"75":10,"76":1,"77":0,"78":0,"79":0,"80":1,"81":3,"82":3,"83":1,"84":1,"85":10},"f":{"0":25,"1":10,"2":0,"3":10,"4":7,"5":8,"6":8,"7":10,"8":4,"9":17,"10":32,"11":15,"12":8,"13":21,"14":21,"15":21,"16":39,"17":10,"18":1,"19":1,"20":1,"21":0,"22":3,"23":3,"24":1},"b":{"0":[0,10],"1":[10,1],"2":[6,1],"3":[4,3],"4":[6,9],"5":[15,15],"6":[21,0],"7":[3,7],"8":[0,1],"9":[15,10],"10":[0,10],"11":[0,1],"12":[1,9],"13":[0,9]},"_coverageSchema":"1a1c01bbd47fc00a2c39e90264f33305004495a9","hash":"e6f537db792d23f7d6380f56b0f006772728485e"}
,"C:\\Users\\hrbrt\\Desktop\\Projetos\\pokedex-api\\src\\components\\list-pokemons\\styles.js": {"path":"C:\\Users\\hrbrt\\Desktop\\Projetos\\pokedex-api\\src\\components\\list-pokemons\\styles.js","statementMap":{"0":{"start":{"line":4,"column":35},"end":{"line":8,"column":1}},"1":{"start":{"line":10,"column":31},"end":{"line":13,"column":1}},"2":{"start":{"line":14,"column":33},"end":{"line":23,"column":1}},"3":{"start":{"line":25,"column":40},"end":{"line":38,"column":1}},"4":{"start":{"line":27,"column":8},"end":{"line":27,"column":64}},"5":{"start":{"line":40,"column":27},"end":{"line":50,"column":1}},"6":{"start":{"line":51,"column":33},"end":{"line":55,"column":1}},"7":{"start":{"line":57,"column":30},"end":{"line":79,"column":1}},"8":{"start":{"line":59,"column":8},"end":{"line":59,"column":64}},"9":{"start":{"line":62,"column":8},"end":{"line":62,"column":64}},"10":{"start":{"line":65,"column":8},"end":{"line":65,"column":64}},"11":{"start":{"line":81,"column":28},"end":{"line":112,"column":1}},"12":{"start":{"line":87,"column":8},"end":{"line":87,"column":64}},"13":{"start":{"line":90,"column":8},"end":{"line":90,"column":64}},"14":{"start":{"line":102,"column":8},"end":{"line":102,"column":64}},"15":{"start":{"line":108,"column":8},"end":{"line":108,"column":64}},"16":{"start":{"line":114,"column":28},"end":{"line":131,"column":1}},"17":{"start":{"line":119,"column":8},"end":{"line":119,"column":64}},"18":{"start":{"line":124,"column":12},"end":{"line":124,"column":68}},"19":{"start":{"line":127,"column":8},"end":{"line":127,"column":64}},"20":{"start":{"line":133,"column":30},"end":{"line":141,"column":1}},"21":{"start":{"line":142,"column":26},"end":{"line":157,"column":1}},"22":{"start":{"line":146,"column":8},"end":{"line":146,"column":64}},"23":{"start":{"line":159,"column":28},"end":{"line":164,"column":1}},"24":{"start":{"line":166,"column":27},"end":{"line":184,"column":5}},"25":{"start":{"line":168,"column":8},"end":{"line":168,"column":64}},"26":{"start":{"line":174,"column":8},"end":{"line":174,"column":64}},"27":{"start":{"line":178,"column":8},"end":{"line":178,"column":64}},"28":{"start":{"line":186,"column":23},"end":{"line":193,"column":5}}},"fnMap":{"0":{"name":"(anonymous_0)","decl":{"start":{"line":26,"column":13},"end":{"line":26,"column":14}},"loc":{"start":{"line":26,"column":26},"end":{"line":28,"column":5}},"line":26},"1":{"name":"(anonymous_1)","decl":{"start":{"line":58,"column":24},"end":{"line":58,"column":25}},"loc":{"start":{"line":58,"column":37},"end":{"line":60,"column":5}},"line":58},"2":{"name":"(anonymous_2)","decl":{"start":{"line":61,"column":13},"end":{"line":61,"column":14}},"loc":{"start":{"line":61,"column":26},"end":{"line":63,"column":5}},"line":61},"3":{"name":"(anonymous_3)","decl":{"start":{"line":64,"column":24},"end":{"line":64,"column":25}},"loc":{"start":{"line":64,"column":37},"end":{"line":66,"column":5}},"line":64},"4":{"name":"(anonymous_4)","decl":{"start":{"line":86,"column":24},"end":{"line":86,"column":25}},"loc":{"start":{"line":86,"column":37},"end":{"line":88,"column":5}},"line":86},"5":{"name":"(anonymous_5)","decl":{"start":{"line":89,"column":24},"end":{"line":89,"column":25}},"loc":{"start":{"line":89,"column":37},"end":{"line":91,"column":5}},"line":89},"6":{"name":"(anonymous_6)","decl":{"start":{"line":101,"column":28},"end":{"line":101,"column":29}},"loc":{"start":{"line":101,"column":41},"end":{"line":103,"column":5}},"line":101},"7":{"name":"(anonymous_7)","decl":{"start":{"line":107,"column":28},"end":{"line":107,"column":29}},"loc":{"start":{"line":107,"column":41},"end":{"line":109,"column":5}},"line":107},"8":{"name":"(anonymous_8)","decl":{"start":{"line":118,"column":13},"end":{"line":118,"column":14}},"loc":{"start":{"line":118,"column":26},"end":{"line":120,"column":5}},"line":118},"9":{"name":"(anonymous_9)","decl":{"start":{"line":123,"column":28},"end":{"line":123,"column":29}},"loc":{"start":{"line":123,"column":41},"end":{"line":125,"column":9}},"line":123},"10":{"name":"(anonymous_10)","decl":{"start":{"line":126,"column":17},"end":{"line":126,"column":18}},"loc":{"start":{"line":126,"column":30},"end":{"line":128,"column":5}},"line":126},"11":{"name":"(anonymous_11)","decl":{"start":{"line":145,"column":24},"end":{"line":145,"column":25}},"loc":{"start":{"line":145,"column":37},"end":{"line":147,"column":5}},"line":145},"12":{"name":"(anonymous_12)","decl":{"start":{"line":167,"column":13},"end":{"line":167,"column":14}},"loc":{"start":{"line":167,"column":26},"end":{"line":169,"column":5}},"line":167},"13":{"name":"(anonymous_13)","decl":{"start":{"line":173,"column":24},"end":{"line":173,"column":25}},"loc":{"start":{"line":173,"column":37},"end":{"line":175,"column":5}},"line":173},"14":{"name":"(anonymous_14)","decl":{"start":{"line":177,"column":24},"end":{"line":177,"column":25}},"loc":{"start":{"line":177,"column":37},"end":{"line":179,"column":5}},"line":177}},"branchMap":{"0":{"loc":{"start":{"line":27,"column":15},"end":{"line":27,"column":64}},"type":"cond-expr","locations":[{"start":{"line":27,"column":34},"end":{"line":27,"column":52}},{"start":{"line":27,"column":55},"end":{"line":27,"column":64}}],"line":27},"1":{"loc":{"start":{"line":59,"column":15},"end":{"line":59,"column":64}},"type":"cond-expr","locations":[{"start":{"line":59,"column":34},"end":{"line":59,"column":52}},{"start":{"line":59,"column":55},"end":{"line":59,"column":64}}],"line":59},"2":{"loc":{"start":{"line":62,"column":15},"end":{"line":62,"column":64}},"type":"cond-expr","locations":[{"start":{"line":62,"column":34},"end":{"line":62,"column":43}},{"start":{"line":62,"column":46},"end":{"line":62,"column":64}}],"line":62},"3":{"loc":{"start":{"line":65,"column":15},"end":{"line":65,"column":64}},"type":"cond-expr","locations":[{"start":{"line":65,"column":34},"end":{"line":65,"column":43}},{"start":{"line":65,"column":46},"end":{"line":65,"column":64}}],"line":65},"4":{"loc":{"start":{"line":87,"column":15},"end":{"line":87,"column":64}},"type":"cond-expr","locations":[{"start":{"line":87,"column":34},"end":{"line":87,"column":52}},{"start":{"line":87,"column":55},"end":{"line":87,"column":64}}],"line":87},"5":{"loc":{"start":{"line":90,"column":15},"end":{"line":90,"column":64}},"type":"cond-expr","locations":[{"start":{"line":90,"column":34},"end":{"line":90,"column":43}},{"start":{"line":90,"column":46},"end":{"line":90,"column":64}}],"line":90},"6":{"loc":{"start":{"line":102,"column":15},"end":{"line":102,"column":64}},"type":"cond-expr","locations":[{"start":{"line":102,"column":34},"end":{"line":102,"column":52}},{"start":{"line":102,"column":55},"end":{"line":102,"column":64}}],"line":102},"7":{"loc":{"start":{"line":108,"column":15},"end":{"line":108,"column":64}},"type":"cond-expr","locations":[{"start":{"line":108,"column":34},"end":{"line":108,"column":43}},{"start":{"line":108,"column":46},"end":{"line":108,"column":64}}],"line":108},"8":{"loc":{"start":{"line":119,"column":15},"end":{"line":119,"column":64}},"type":"cond-expr","locations":[{"start":{"line":119,"column":34},"end":{"line":119,"column":43}},{"start":{"line":119,"column":46},"end":{"line":119,"column":64}}],"line":119},"9":{"loc":{"start":{"line":124,"column":19},"end":{"line":124,"column":68}},"type":"cond-expr","locations":[{"start":{"line":124,"column":38},"end":{"line":124,"column":47}},{"start":{"line":124,"column":50},"end":{"line":124,"column":68}}],"line":124},"10":{"loc":{"start":{"line":127,"column":15},"end":{"line":127,"column":64}},"type":"cond-expr","locations":[{"start":{"line":127,"column":34},"end":{"line":127,"column":52}},{"start":{"line":127,"column":55},"end":{"line":127,"column":64}}],"line":127},"11":{"loc":{"start":{"line":146,"column":15},"end":{"line":146,"column":64}},"type":"cond-expr","locations":[{"start":{"line":146,"column":34},"end":{"line":146,"column":52}},{"start":{"line":146,"column":55},"end":{"line":146,"column":64}}],"line":146},"12":{"loc":{"start":{"line":168,"column":15},"end":{"line":168,"column":64}},"type":"cond-expr","locations":[{"start":{"line":168,"column":34},"end":{"line":168,"column":43}},{"start":{"line":168,"column":46},"end":{"line":168,"column":64}}],"line":168},"13":{"loc":{"start":{"line":174,"column":15},"end":{"line":174,"column":64}},"type":"cond-expr","locations":[{"start":{"line":174,"column":34},"end":{"line":174,"column":52}},{"start":{"line":174,"column":55},"end":{"line":174,"column":64}}],"line":174},"14":{"loc":{"start":{"line":178,"column":15},"end":{"line":178,"column":64}},"type":"cond-expr","locations":[{"start":{"line":178,"column":34},"end":{"line":178,"column":52}},{"start":{"line":178,"column":55},"end":{"line":178,"column":64}}],"line":178}},"s":{"0":4,"1":4,"2":4,"3":4,"4":24,"5":4,"6":4,"7":4,"8":24,"9":24,"10":24,"11":4,"12":4,"13":4,"14":4,"15":4,"16":4,"17":13,"18":13,"19":13,"20":4,"21":4,"22":35,"23":4,"24":4,"25":35,"26":35,"27":35,"28":4},"f":{"0":24,"1":24,"2":24,"3":24,"4":4,"5":4,"6":4,"7":4,"8":13,"9":13,"10":13,"11":35,"12":35,"13":35,"14":35},"b":{"0":[0,24],"1":[0,24],"2":[0,24],"3":[0,24],"4":[0,4],"5":[0,4],"6":[0,4],"7":[0,4],"8":[0,13],"9":[0,13],"10":[0,13],"11":[0,35],"12":[0,35],"13":[0,35],"14":[0,35]},"_coverageSchema":"1a1c01bbd47fc00a2c39e90264f33305004495a9","hash":"9c495111f8c075b62c7f0aefdcdd164d1ff7be0f"}
,"C:\\Users\\hrbrt\\Desktop\\Projetos\\pokedex-api\\src\\contexts\\theme-context.jsx": {"path":"C:\\Users\\hrbrt\\Desktop\\Projetos\\pokedex-api\\src\\contexts\\theme-context.jsx","statementMap":{"0":{"start":{"line":4,"column":28},"end":{"line":4,"column":45}},"1":{"start":{"line":6,"column":29},"end":{"line":35,"column":1}},"2":{"start":{"line":8,"column":46},"end":{"line":8,"column":58}},"3":{"start":{"line":11,"column":8},"end":{"line":22,"column":15}},"4":{"start":{"line":12,"column":31},"end":{"line":12,"column":69}},"5":{"start":{"line":13,"column":12},"end":{"line":21,"column":13}},"6":{"start":{"line":14,"column":16},"end":{"line":20,"column":17}},"7":{"start":{"line":16,"column":16},"end":{"line":16,"column":43}},"8":{"start":{"line":19,"column":24},"end":{"line":19,"column":109}},"9":{"start":{"line":24,"column":8},"end":{"line":28,"column":26}},"10":{"start":{"line":26,"column":12},"end":{"line":26,"column":64}},"11":{"start":{"line":30,"column":4},"end":{"line":34,"column":5}}},"fnMap":{"0":{"name":"(anonymous_0)","decl":{"start":{"line":6,"column":29},"end":{"line":6,"column":30}},"loc":{"start":{"line":6,"column":40},"end":{"line":35,"column":1}},"line":6},"1":{"name":"(anonymous_1)","decl":{"start":{"line":11,"column":18},"end":{"line":11,"column":19}},"loc":{"start":{"line":11,"column":24},"end":{"line":22,"column":9}},"line":11},"2":{"name":"(anonymous_2)","decl":{"start":{"line":24,"column":18},"end":{"line":24,"column":19}},"loc":{"start":{"line":24,"column":24},"end":{"line":28,"column":9}},"line":24}},"branchMap":{"0":{"loc":{"start":{"line":13,"column":12},"end":{"line":21,"column":13}},"type":"if","locations":[{"start":{"line":13,"column":12},"end":{"line":21,"column":13}},{"start":{},"end":{}}],"line":13}},"s":{"0":7,"1":7,"2":14,"3":14,"4":14,"5":14,"6":1,"7":1,"8":0,"9":14,"10":14,"11":14},"f":{"0":14,"1":14,"2":14},"b":{"0":[1,13]},"_coverageSchema":"1a1c01bbd47fc00a2c39e90264f33305004495a9","hash":"f7890e8b6160315574439c79de64e5580d4063f2"}
,"C:\\Users\\hrbrt\\Desktop\\Projetos\\pokedex-api\\src\\mocks\\handlers.js": {"path":"C:\\Users\\hrbrt\\Desktop\\Projetos\\pokedex-api\\src\\mocks\\handlers.js","statementMap":{"0":{"start":{"line":3,"column":14},"end":{"line":3,"column":15}},"1":{"start":{"line":5,"column":24},"end":{"line":107,"column":1}},"2":{"start":{"line":8,"column":4},"end":{"line":8,"column":13}},"3":{"start":{"line":9,"column":4},"end":{"line":20,"column":3}},"4":{"start":{"line":10,"column":4},"end":{"line":19,"column":7}},"5":{"start":{"line":21,"column":2},"end":{"line":27,"column":5}},"6":{"start":{"line":33,"column":0},"end":{"line":75,"column":1}},"7":{"start":{"line":34,"column":2},"end":{"line":46,"column":3}},"8":{"start":{"line":35,"column":4},"end":{"line":45,"column":7}},"9":{"start":{"line":48,"column":2},"end":{"line":60,"column":3}},"10":{"start":{"line":49,"column":4},"end":{"line":59,"column":7}},"11":{"start":{"line":62,"column":2},"end":{"line":74,"column":3}},"12":{"start":{"line":63,"column":4},"end":{"line":73,"column":7}},"13":{"start":{"line":77,"column":0},"end":{"line":89,"column":1}},"14":{"start":{"line":78,"column":2},"end":{"line":88,"column":5}},"15":{"start":{"line":91,"column":0},"end":{"line":103,"column":1}},"16":{"start":{"line":92,"column":2},"end":{"line":102,"column":5}},"17":{"start":{"line":105,"column":4},"end":{"line":105,"column":72}}},"fnMap":{"0":{"name":"(anonymous_0)","decl":{"start":{"line":7,"column":48},"end":{"line":7,"column":49}},"loc":{"start":{"line":7,"column":60},"end":{"line":29,"column":3}},"line":7},"1":{"name":"(anonymous_1)","decl":{"start":{"line":32,"column":52},"end":{"line":32,"column":53}},"loc":{"start":{"line":32,"column":74},"end":{"line":106,"column":3}},"line":32}},"branchMap":{"0":{"loc":{"start":{"line":9,"column":4},"end":{"line":20,"column":3}},"type":"if","locations":[{"start":{"line":9,"column":4},"end":{"line":20,"column":3}},{"start":{},"end":{}}],"line":9},"1":{"loc":{"start":{"line":33,"column":0},"end":{"line":75,"column":1}},"type":"if","locations":[{"start":{"line":33,"column":0},"end":{"line":75,"column":1}},{"start":{},"end":{}}],"line":33},"2":{"loc":{"start":{"line":34,"column":2},"end":{"line":46,"column":3}},"type":"if","locations":[{"start":{"line":34,"column":2},"end":{"line":46,"column":3}},{"start":{},"end":{}}],"line":34},"3":{"loc":{"start":{"line":48,"column":2},"end":{"line":60,"column":3}},"type":"if","locations":[{"start":{"line":48,"column":2},"end":{"line":60,"column":3}},{"start":{},"end":{}}],"line":48},"4":{"loc":{"start":{"line":62,"column":2},"end":{"line":74,"column":3}},"type":"if","locations":[{"start":{"line":62,"column":2},"end":{"line":74,"column":3}},{"start":{},"end":{}}],"line":62},"5":{"loc":{"start":{"line":77,"column":0},"end":{"line":89,"column":1}},"type":"if","locations":[{"start":{"line":77,"column":0},"end":{"line":89,"column":1}},{"start":{},"end":{}}],"line":77},"6":{"loc":{"start":{"line":91,"column":0},"end":{"line":103,"column":1}},"type":"if","locations":[{"start":{"line":91,"column":0},"end":{"line":103,"column":1}},{"start":{},"end":{}}],"line":91}},"s":{"0":7,"1":7,"2":8,"3":8,"4":6,"5":2,"6":10,"7":6,"8":2,"9":4,"10":2,"11":2,"12":2,"13":4,"14":2,"15":2,"16":2,"17":0},"f":{"0":8,"1":10},"b":{"0":[6,2],"1":[6,4],"2":[2,4],"3":[2,2],"4":[2,0],"5":[2,2],"6":[2,0]},"_coverageSchema":"1a1c01bbd47fc00a2c39e90264f33305004495a9","hash":"c8489f41a0e08e3c288b5cf7b9f26d836f71db4e"}
,"C:\\Users\\hrbrt\\Desktop\\Projetos\\pokedex-api\\src\\mocks\\server.js": {"path":"C:\\Users\\hrbrt\\Desktop\\Projetos\\pokedex-api\\src\\mocks\\server.js","statementMap":{"0":{"start":{"line":4,"column":22},"end":{"line":4,"column":46}}},"fnMap":{},"branchMap":{},"s":{"0":7},"f":{},"b":{},"_coverageSchema":"1a1c01bbd47fc00a2c39e90264f33305004495a9","hash":"b3a2be81fa2723e74f1bee5edae05549f8aa6e4f"}
,"C:\\Users\\hrbrt\\Desktop\\Projetos\\pokedex-api\\src\\services\\services.js": {"path":"C:\\Users\\hrbrt\\Desktop\\Projetos\\pokedex-api\\src\\services\\services.js","statementMap":{"0":{"start":{"line":4,"column":4},"end":{"line":11,"column":5}},"1":{"start":{"line":5,"column":25},"end":{"line":5,"column":103}},"2":{"start":{"line":6,"column":8},"end":{"line":6,"column":30}},"3":{"start":{"line":10,"column":8},"end":{"line":10,"column":69}},"4":{"start":{"line":15,"column":4},"end":{"line":25,"column":5}},"5":{"start":{"line":16,"column":28},"end":{"line":19,"column":10}},"6":{"start":{"line":17,"column":29},"end":{"line":17,"column":54}},"7":{"start":{"line":18,"column":12},"end":{"line":18,"column":34}},"8":{"start":{"line":21,"column":8},"end":{"line":21,"column":46}},"9":{"start":{"line":24,"column":8},"end":{"line":24,"column":75}},"10":{"start":{"line":30,"column":4},"end":{"line":35,"column":5}},"11":{"start":{"line":31,"column":25},"end":{"line":31,"column":84}},"12":{"start":{"line":32,"column":8},"end":{"line":32,"column":30}},"13":{"start":{"line":34,"column":8},"end":{"line":34,"column":96}},"14":{"start":{"line":41,"column":4},"end":{"line":50,"column":5}},"15":{"start":{"line":42,"column":30},"end":{"line":45,"column":10}},"16":{"start":{"line":43,"column":29},"end":{"line":43,"column":67}},"17":{"start":{"line":44,"column":12},"end":{"line":44,"column":34}},"18":{"start":{"line":46,"column":12},"end":{"line":46,"column":51}},"19":{"start":{"line":49,"column":8},"end":{"line":49,"column":85}}},"fnMap":{"0":{"name":"createListPokemon","decl":{"start":{"line":3,"column":22},"end":{"line":3,"column":39}},"loc":{"start":{"line":3,"column":48},"end":{"line":12,"column":1}},"line":3},"1":{"name":"getPokemonDetatils","decl":{"start":{"line":14,"column":22},"end":{"line":14,"column":40}},"loc":{"start":{"line":14,"column":54},"end":{"line":26,"column":1}},"line":14},"2":{"name":"(anonymous_2)","decl":{"start":{"line":16,"column":44},"end":{"line":16,"column":45}},"loc":{"start":{"line":16,"column":66},"end":{"line":19,"column":9}},"line":16},"3":{"name":"getDetails","decl":{"start":{"line":28,"column":22},"end":{"line":28,"column":32}},"loc":{"start":{"line":28,"column":37},"end":{"line":36,"column":1}},"line":28},"4":{"name":"getDetailsAbilities","decl":{"start":{"line":39,"column":22},"end":{"line":39,"column":41}},"loc":{"start":{"line":39,"column":48},"end":{"line":52,"column":1}},"line":39},"5":{"name":"(anonymous_5)","decl":{"start":{"line":42,"column":39},"end":{"line":42,"column":40}},"loc":{"start":{"line":42,"column":66},"end":{"line":45,"column":9}},"line":42}},"branchMap":{},"s":{"0":8,"1":8,"2":4,"3":0,"4":4,"5":4,"6":10,"7":10,"8":4,"9":0,"10":0,"11":0,"12":0,"13":0,"14":0,"15":0,"16":0,"17":0,"18":0,"19":0},"f":{"0":8,"1":4,"2":10,"3":0,"4":0,"5":0},"b":{},"_coverageSchema":"1a1c01bbd47fc00a2c39e90264f33305004495a9","hash":"30568be8d0a33c6220a7747b3558a577c7e86695"}
,"C:\\Users\\hrbrt\\Desktop\\Projetos\\pokedex-api\\src\\style\\reusablestyles.js": {"path":"C:\\Users\\hrbrt\\Desktop\\Projetos\\pokedex-api\\src\\style\\reusablestyles.js","statementMap":{"0":{"start":{"line":5,"column":27},"end":{"line":9,"column":1}},"1":{"start":{"line":11,"column":22},"end":{"line":15,"column":1}},"2":{"start":{"line":17,"column":28},"end":{"line":22,"column":1}},"3":{"start":{"line":19,"column":8},"end":{"line":19,"column":64}},"4":{"start":{"line":24,"column":31},"end":{"line":32,"column":1}},"5":{"start":{"line":34,"column":24},"end":{"line":43,"column":1}},"6":{"start":{"line":45,"column":27},"end":{"line":61,"column":5}}},"fnMap":{"0":{"name":"(anonymous_0)","decl":{"start":{"line":18,"column":24},"end":{"line":18,"column":25}},"loc":{"start":{"line":18,"column":37},"end":{"line":20,"column":5}},"line":18}},"branchMap":{"0":{"loc":{"start":{"line":19,"column":15},"end":{"line":19,"column":64}},"type":"cond-expr","locations":[{"start":{"line":19,"column":34},"end":{"line":19,"column":43}},{"start":{"line":19,"column":46},"end":{"line":19,"column":64}}],"line":19}},"s":{"0":6,"1":6,"2":6,"3":27,"4":6,"5":6,"6":6},"f":{"0":27},"b":{"0":[0,27]},"_coverageSchema":"1a1c01bbd47fc00a2c39e90264f33305004495a9","hash":"9cd1760f646d3539e58e2f77484e828226b9cc26"}
}
