TN:
SF:src\assets\moon34.png
FNF:0
FNH:0
DA:1,3
LF:1
LH:1
BRF:0
BRH:0
end_of_record
TN:
SF:src\assets\pokebola34.png
FNF:0
FNH:0
DA:1,3
LF:1
LH:1
BRF:0
BRH:0
end_of_record
TN:
SF:src\assets\sun34.png
FNF:0
FNH:0
DA:1,3
LF:1
LH:1
BRF:0
BRH:0
end_of_record
TN:
SF:src\components\button\button.jsx
FN:1,(anonymous_0)
FNF:1
FNH:1
FNDA:13,(anonymous_0)
DA:1,7
DA:2,13
LF:2
LH:2
BRF:0
BRH:0
end_of_record
TN:
SF:src\components\error-or-loading\error-or-loading-handling.jsx
FN:6,(anonymous_0)
FNF:1
FNH:1
FNDA:31,(anonymous_0)
DA:6,3
DA:8,31
DA:10,31
LF:3
LH:3
BRF:0
BRH:0
end_of_record
TN:
SF:src\components\error-or-loading\styles.js
FNF:0
FNH:0
DA:4,3
DA:7,3
LF:2
LH:2
BRF:0
BRH:0
end_of_record
TN:
SF:src\components\header\header-of-components.jsx
FN:6,(anonymous_0)
FN:12,(anonymous_1)
FN:22,(anonymous_2)
FNF:3
FNH:3
FNDA:17,(anonymous_0)
FNDA:1,(anonymous_1)
FNDA:1,(anonymous_2)
DA:6,3
DA:7,17
DA:9,17
DA:12,1
DA:22,1
LF:5
LH:5
BRDA:22,0,0,0
BRDA:22,0,1,1
BRF:2
BRH:1
end_of_record
TN:
SF:src\components\header\styles.js
FN:43,(anonymous_0)
FNF:1
FNH:1
FNDA:17,(anonymous_0)
DA:6,3
DA:14,3
DA:22,3
DA:29,3
DA:34,3
DA:42,3
DA:44,17
LF:7
LH:7
BRDA:44,0,0,0
BRDA:44,0,1,17
BRF:2
BRH:1
end_of_record
TN:
SF:src\components\list-details-pokemons\list-derails-pokemons.jsx
FN:43,(anonymous_0)
FN:51,(anonymous_1)
FN:52,fetchData
FN:61,(anonymous_3)
FN:62,(anonymous_4)
FN:125,(anonymous_5)
FN:156,(anonymous_6)
FN:188,(anonymous_7)
FNF:8
FNH:8
FNDA:7,(anonymous_0)
FNDA:4,(anonymous_1)
FNDA:4,fetchData
FNDA:3,(anonymous_3)
FNDA:3,(anonymous_4)
FNDA:2,(anonymous_5)
FNDA:2,(anonymous_6)
FNDA:2,(anonymous_7)
DA:43,1
DA:44,7
DA:45,7
DA:46,7
DA:47,7
DA:48,7
DA:49,7
DA:51,7
DA:53,4
DA:54,4
DA:55,4
DA:57,4
DA:61,3
DA:62,3
DA:63,3
DA:66,3
DA:71,3
DA:74,3
DA:76,1
DA:77,1
DA:79,4
DA:83,4
DA:86,7
DA:87,4
DA:90,3
DA:91,1
DA:94,2
DA:126,2
DA:157,2
DA:189,2
LF:30
LH:30
BRDA:68,0,0,3
BRDA:68,0,1,0
BRDA:86,1,0,4
BRDA:86,1,1,3
BRDA:90,2,0,1
BRDA:90,2,1,2
BRDA:105,3,0,2
BRDA:105,3,1,0
BRDA:105,4,0,2
BRDA:105,4,1,2
BRDA:123,5,0,2
BRDA:123,5,1,0
BRDA:143,6,0,2
BRDA:143,6,1,0
BRDA:183,7,0,2
BRDA:183,7,1,0
BRF:16
BRH:11
end_of_record
TN:
SF:src\components\list-details-pokemons\styles.js
FN:145,(anonymous_0)
FNF:1
FNH:1
FNDA:2,(anonymous_0)
DA:6,1
DA:9,1
DA:12,1
DA:17,1
DA:21,1
DA:35,1
DA:43,1
DA:52,1
DA:57,1
DA:82,1
DA:86,1
DA:90,1
DA:121,1
DA:127,1
DA:132,1
DA:140,1
DA:146,2
DA:147,0
DA:151,2
DA:152,0
DA:156,2
DA:157,0
DA:161,2
DA:162,0
DA:166,2
DA:167,0
DA:171,2
DA:172,0
DA:176,2
DA:177,0
DA:181,2
DA:182,0
DA:186,2
DA:187,0
DA:191,2
DA:192,0
DA:196,2
DA:197,0
DA:201,2
DA:202,2
DA:206,0
DA:207,0
DA:211,0
DA:212,0
DA:216,0
DA:217,0
DA:221,0
DA:222,0
DA:226,0
DA:227,0
DA:231,0
DA:232,0
DA:236,0
DA:237,0
DA:242,0
DA:250,1
DA:256,1
DA:259,1
DA:263,1
DA:271,1
DA:284,1
DA:294,1
DA:299,1
DA:306,1
DA:309,1
DA:314,1
DA:321,1
DA:325,1
DA:331,1
DA:340,1
DA:343,1
DA:374,1
DA:380,1
LF:73
LH:47
BRDA:146,0,0,0
BRDA:146,0,1,2
BRDA:151,1,0,0
BRDA:151,1,1,2
BRDA:156,2,0,0
BRDA:156,2,1,2
BRDA:161,3,0,0
BRDA:161,3,1,2
BRDA:166,4,0,0
BRDA:166,4,1,2
BRDA:171,5,0,0
BRDA:171,5,1,2
BRDA:176,6,0,0
BRDA:176,6,1,2
BRDA:181,7,0,0
BRDA:181,7,1,2
BRDA:186,8,0,0
BRDA:186,8,1,2
BRDA:191,9,0,0
BRDA:191,9,1,2
BRDA:196,10,0,0
BRDA:196,10,1,2
BRDA:201,11,0,2
BRDA:201,11,1,0
BRDA:206,12,0,0
BRDA:206,12,1,0
BRDA:211,13,0,0
BRDA:211,13,1,0
BRDA:216,14,0,0
BRDA:216,14,1,0
BRDA:221,15,0,0
BRDA:221,15,1,0
BRDA:226,16,0,0
BRDA:226,16,1,0
BRDA:231,17,0,0
BRDA:231,17,1,0
BRDA:236,18,0,0
BRDA:236,18,1,0
BRF:38
BRH:12
end_of_record
TN:
SF:src\components\list-pokemons\description-project.jsx
FN:9,(anonymous_0)
FN:15,(anonymous_1)
FN:21,(anonymous_2)
FN:35,(anonymous_3)
FN:55,(anonymous_4)
FN:60,(anonymous_5)
FN:61,(anonymous_6)
FN:62,(anonymous_7)
FNF:8
FNH:8
FNDA:26,(anonymous_0)
FNDA:2,(anonymous_1)
FNDA:12,(anonymous_2)
FNDA:16,(anonymous_3)
FNDA:6,(anonymous_4)
FNDA:1,(anonymous_5)
FNDA:6,(anonymous_6)
FNDA:1,(anonymous_7)
DA:9,2
DA:11,26
DA:12,26
DA:13,26
DA:15,26
DA:16,2
DA:17,2
DA:18,2
DA:21,26
DA:23,12
DA:24,12
DA:25,4
DA:26,4
DA:29,0
DA:35,26
DA:37,16
DA:41,26
DA:55,6
DA:60,1
DA:62,6
LF:20
LH:19
BRDA:24,0,0,4
BRDA:24,0,1,8
BRDA:56,1,0,26
BRDA:56,1,1,21
BRDA:57,2,0,26
BRDA:57,2,1,3
BRF:6
BRH:6
end_of_record
TN:
SF:src\components\list-pokemons\filter-pokemons.jsx
FN:7,(anonymous_0)
FN:11,(anonymous_1)
FNF:2
FNH:2
FNDA:4,(anonymous_0)
FNDA:7,(anonymous_1)
DA:7,2
DA:8,4
DA:9,4
DA:13,7
LF:4
LH:4
BRDA:15,0,0,7
BRDA:15,0,1,0
BRF:2
BRH:1
end_of_record
TN:
SF:src\components\list-pokemons\indroductin-pokemons.jsx
FN:6,(anonymous_0)
FN:14,(anonymous_1)
FNF:2
FNH:2
FNDA:14,(anonymous_0)
FNDA:34,(anonymous_1)
DA:6,2
DA:9,14
DA:11,14
DA:15,34
LF:4
LH:4
BRDA:17,0,0,34
BRDA:17,0,1,0
BRF:2
BRH:1
end_of_record
TN:
SF:src\components\list-pokemons\list-pokemons.jsx
FN:13,(anonymous_0)
FN:24,(anonymous_1)
FN:31,(anonymous_2)
FN:37,(anonymous_3)
FN:42,(anonymous_4)
FN:71,(anonymous_5)
FN:72,(anonymous_6)
FN:76,(anonymous_7)
FN:85,(anonymous_8)
FN:88,(anonymous_9)
FN:90,(anonymous_10)
FN:107,(anonymous_11)
FN:112,(anonymous_12)
FN:113,(anonymous_13)
FN:114,(anonymous_14)
FN:120,(anonymous_15)
FN:120,(anonymous_16)
FN:127,(anonymous_17)
FN:133,(anonymous_18)
FN:134,(anonymous_19)
FN:152,(anonymous_20)
FN:156,(anonymous_21)
FN:159,(anonymous_22)
FN:160,(anonymous_23)
FNF:24
FNH:23
FNDA:39,(anonymous_0)
FNDA:16,(anonymous_1)
FNDA:1,(anonymous_2)
FNDA:16,(anonymous_3)
FNDA:11,(anonymous_4)
FNDA:12,(anonymous_5)
FNDA:12,(anonymous_6)
FNDA:16,(anonymous_7)
FNDA:6,(anonymous_8)
FNDA:26,(anonymous_9)
FNDA:50,(anonymous_10)
FNDA:22,(anonymous_11)
FNDA:11,(anonymous_12)
FNDA:28,(anonymous_13)
FNDA:28,(anonymous_14)
FNDA:28,(anonymous_15)
FNDA:49,(anonymous_16)
FNDA:16,(anonymous_17)
FNDA:1,(anonymous_18)
FNDA:1,(anonymous_19)
FNDA:1,(anonymous_20)
FNDA:0,(anonymous_21)
FNDA:3,(anonymous_22)
FNDA:3,(anonymous_23)
DA:13,1
DA:14,39
DA:15,37
DA:16,37
DA:17,37
DA:18,37
DA:19,37
DA:20,37
DA:21,37
DA:24,37
DA:25,16
DA:27,16
DA:28,2
DA:31,16
DA:32,1
DA:35,16
DA:37,16
DA:38,16
DA:42,37
DA:43,11
DA:44,11
DA:46,11
DA:47,9
DA:48,9
DA:49,9
DA:52,0
DA:56,11
DA:57,7
DA:58,7
DA:59,7
DA:62,0
DA:71,37
DA:72,12
DA:73,12
DA:74,12
DA:75,12
DA:76,12
DA:77,16
DA:85,6
DA:86,6
DA:87,6
DA:89,26
DA:90,50
DA:93,6
DA:95,6
DA:97,6
DA:99,12
DA:103,12
DA:107,37
DA:108,22
DA:110,12
DA:112,12
DA:113,11
DA:114,28
DA:115,28
DA:118,11
DA:119,11
DA:120,49
DA:123,11
DA:127,37
DA:128,16
DA:129,5
DA:133,37
DA:134,1
DA:135,1
DA:136,0
DA:138,1
DA:139,1
DA:144,37
DA:145,24
DA:148,13
DA:149,1
DA:152,12
DA:154,1
DA:155,0
DA:156,0
DA:159,1
DA:160,3
DA:163,1
DA:169,12
LF:80
LH:75
BRDA:27,0,0,2
BRDA:27,0,1,14
BRDA:27,1,0,16
BRDA:27,1,1,8
BRDA:46,2,0,9
BRDA:46,2,1,2
BRDA:56,3,0,7
BRDA:56,3,1,4
BRDA:108,4,0,10
BRDA:108,4,1,12
BRDA:108,5,0,22
BRDA:108,5,1,22
BRDA:114,6,0,28
BRDA:114,6,1,0
BRDA:128,7,0,5
BRDA:128,7,1,11
BRDA:135,8,0,0
BRDA:135,8,1,1
BRDA:144,9,0,24
BRDA:144,9,1,13
BRDA:148,10,0,1
BRDA:148,10,1,12
BRDA:154,11,0,0
BRDA:154,11,1,1
BRDA:179,12,0,1
BRDA:179,12,1,11
BRDA:189,13,0,0
BRDA:189,13,1,11
BRF:28
BRH:24
end_of_record
TN:
SF:src\components\list-pokemons\styles.js
FN:26,(anonymous_0)
FN:58,(anonymous_1)
FN:61,(anonymous_2)
FN:64,(anonymous_3)
FN:86,(anonymous_4)
FN:89,(anonymous_5)
FN:101,(anonymous_6)
FN:107,(anonymous_7)
FN:118,(anonymous_8)
FN:123,(anonymous_9)
FN:126,(anonymous_10)
FN:145,(anonymous_11)
FN:167,(anonymous_12)
FN:173,(anonymous_13)
FN:177,(anonymous_14)
FNF:15
FNH:15
FNDA:26,(anonymous_0)
FNDA:26,(anonymous_1)
FNDA:26,(anonymous_2)
FNDA:26,(anonymous_3)
FNDA:3,(anonymous_4)
FNDA:3,(anonymous_5)
FNDA:3,(anonymous_6)
FNDA:3,(anonymous_7)
FNDA:9,(anonymous_8)
FNDA:9,(anonymous_9)
FNDA:9,(anonymous_10)
FNDA:41,(anonymous_11)
FNDA:41,(anonymous_12)
FNDA:41,(anonymous_13)
FNDA:41,(anonymous_14)
DA:4,4
DA:10,4
DA:14,4
DA:25,4
DA:27,26
DA:40,4
DA:51,4
DA:57,4
DA:59,26
DA:62,26
DA:65,26
DA:81,4
DA:87,3
DA:90,3
DA:102,3
DA:108,3
DA:114,4
DA:119,9
DA:124,9
DA:127,9
DA:133,4
DA:142,4
DA:146,41
DA:159,4
DA:166,4
DA:168,41
DA:174,41
DA:178,41
DA:186,4
LF:29
LH:29
BRDA:27,0,0,0
BRDA:27,0,1,26
BRDA:59,1,0,0
BRDA:59,1,1,26
BRDA:62,2,0,0
BRDA:62,2,1,26
BRDA:65,3,0,0
BRDA:65,3,1,26
BRDA:87,4,0,0
BRDA:87,4,1,3
BRDA:90,5,0,0
BRDA:90,5,1,3
BRDA:102,6,0,0
BRDA:102,6,1,3
BRDA:108,7,0,0
BRDA:108,7,1,3
BRDA:119,8,0,0
BRDA:119,8,1,9
BRDA:124,9,0,0
BRDA:124,9,1,9
BRDA:127,10,0,0
BRDA:127,10,1,9
BRDA:146,11,0,0
BRDA:146,11,1,41
BRDA:168,12,0,0
BRDA:168,12,1,41
BRDA:174,13,0,0
BRDA:174,13,1,41
BRDA:178,14,0,0
BRDA:178,14,1,41
BRF:30
BRH:15
end_of_record
TN:
SF:src\contexts\theme-context.jsx
FN:6,(anonymous_0)
FN:11,(anonymous_1)
FN:24,(anonymous_2)
FNF:3
FNH:3
FNDA:18,(anonymous_0)
FNDA:18,(anonymous_1)
FNDA:18,(anonymous_2)
DA:4,8
DA:6,8
DA:8,18
DA:11,18
DA:12,18
DA:13,18
DA:14,1
DA:16,1
DA:19,0
DA:24,18
DA:26,18
DA:30,18
LF:12
LH:11
BRDA:13,0,0,1
BRDA:13,0,1,17
BRF:2
BRH:2
end_of_record
TN:
SF:src\mocks\handlers.js
FN:7,(anonymous_0)
FN:29,(anonymous_1)
FN:91,(anonymous_2)
FNF:3
FNH:3
FNDA:12,(anonymous_0)
FNDA:19,(anonymous_1)
FNDA:3,(anonymous_2)
DA:3,9
DA:5,9
DA:8,12
DA:9,12
DA:10,10
DA:19,2
DA:30,19
DA:31,9
DA:49,10
DA:50,6
DA:68,4
DA:69,4
DA:87,0
DA:92,3
DA:93,3
DA:104,0
DA:105,0
DA:116,0
DA:117,0
DA:128,0
LF:20
LH:14
BRDA:9,0,0,10
BRDA:9,0,1,2
BRDA:30,1,0,9
BRDA:30,1,1,10
BRDA:49,2,0,6
BRDA:49,2,1,4
BRDA:68,3,0,4
BRDA:68,3,1,0
BRDA:92,4,0,3
BRDA:92,4,1,0
BRDA:104,5,0,0
BRDA:104,5,1,0
BRDA:116,6,0,0
BRDA:116,6,1,0
BRF:14
BRH:8
end_of_record
TN:
SF:src\mocks\server.js
FNF:0
FNH:0
DA:4,9
LF:1
LH:1
BRF:0
BRH:0
end_of_record
TN:
SF:src\services\services.js
FN:3,createListPokemon
FN:12,getPokemonDetatils
FN:19,(anonymous_2)
FN:32,getDetailsAbilities
FN:35,(anonymous_4)
FNF:5
FNH:5
FNDA:13,createListPokemon
FNDA:17,getPokemonDetatils
FNDA:34,(anonymous_2)
FNDA:4,getDetailsAbilities
FNDA:4,(anonymous_4)
DA:4,13
DA:5,13
DA:6,13
DA:8,0
DA:14,17
DA:15,17
DA:16,5
DA:17,4
DA:18,12
DA:19,12
DA:20,34
DA:21,16
DA:24,12
DA:28,7
DA:34,4
DA:35,4
DA:36,4
DA:37,4
DA:39,4
DA:42,0
LF:20
LH:18
BRDA:15,0,0,5
BRDA:15,0,1,12
BRDA:18,1,0,12
BRDA:18,1,1,0
BRF:4
BRH:3
end_of_record
TN:
SF:src\style\reusablestyles.js
FN:18,(anonymous_0)
FNF:1
FNH:1
FNDA:45,(anonymous_0)
DA:5,7
DA:11,7
DA:17,7
DA:19,45
DA:24,7
DA:34,7
DA:45,7
LF:7
LH:7
BRDA:19,0,0,0
BRDA:19,0,1,45
BRF:2
BRH:1
end_of_record
